#
# There is insufficient memory for the Java Runtime Environment to continue.
# Native memory allocation (mmap) failed to map 522190848 bytes for Failed to commit area from 0x000000060e200000 to 0x000000062d400000 of length 522190848.
# Possible reasons:
#   The system is out of physical RAM or swap space
#   The process is running with CompressedOops enabled, and the Java Heap may be blocking the growth of the native heap
# Possible solutions:
#   Reduce memory load on the system
#   Increase physical memory or swap space
#   Check if swap backing store is full
#   Decrease Java heap size (-Xmx/-Xms)
#   Decrease number of Java threads
#   Decrease Java thread stack sizes (-Xss)
#   Set larger code cache with -XX:ReservedCodeCacheSize=
# This output file may be truncated or incomplete.
#
#  Out of Memory Error (./src/hotspot/os/windows/os_windows.cpp:3387), pid=52744, tid=35288
#
# JRE version:  (11.0.14.1+1) (build )
# Java VM: OpenJDK 64-Bit Server VM (11.0.14.1+1, mixed mode, sharing, tiered, compressed oops, g1 gc, windows-amd64)
# No core dump will be written. Minidumps are not enabled by default on client versions of Windows
#

---------------  S U M M A R Y ------------

Command Line: -Dcom.android.sdklib.toolsdir=C:\Program Files\Unity\Hub\Editor\2022.3.62f3\Editor\Data\PlaybackEngines\AndroidPlayer\SDK\cmdline-tools\6.0\bin\\.. com.android.sdklib.tool.sdkmanager.SdkManagerCli --list

Host: AMD Ryzen 7 7700 8-Core Processor              , 16 cores, 31G,  Windows 11 , 64 bit Build 26100 (10.0.26100.7019)
Time: Tue Dec  9 23:06:50 2025 Central Standard Time elapsed time: 1.380017 seconds (0d 0h 0m 1s)

---------------  T H R E A D  ---------------

Current thread (0x0000020eee240000):  JavaThread "Unknown thread" [_thread_in_vm, id=35288, stack(0x000000cb2c000000,0x000000cb2c100000)]

Stack: [0x000000cb2c000000,0x000000cb2c100000]
Native frames: (J=compiled Java code, j=interpreted, Vv=VM code, C=native code)
V  [jvm.dll+0x61e59a]
V  [jvm.dll+0x7aaca9]
V  [jvm.dll+0x7ac398]
V  [jvm.dll+0x7aca73]
V  [jvm.dll+0x24f9b8]
V  [jvm.dll+0x61b83a]
V  [jvm.dll+0x6100c5]
V  [jvm.dll+0x30772c]
V  [jvm.dll+0x3075b2]
V  [jvm.dll+0x30c2d6]
V  [jvm.dll+0x35272f]
V  [jvm.dll+0x352160]
V  [jvm.dll+0x2e4728]
V  [jvm.dll+0x2e5886]
V  [jvm.dll+0x784b07]
V  [jvm.dll+0x78628f]
V  [jvm.dll+0x35f479]
V  [jvm.dll+0x767aa0]
V  [jvm.dll+0x3ccf1f]
V  [jvm.dll+0x3cf2b1]
C  [jli.dll+0x5207]
C  [ucrtbase.dll+0x37b0]
C  [KERNEL32.DLL+0x2e8d7]
C  [ntdll.dll+0x8c53c]


---------------  P R O C E S S  ---------------

Threads class SMR info:
_java_thread_list=0x0000020eebf67600, length=0, elements={
}

Java Threads: ( => current thread )

Other Threads:
  0x0000020eee255000 GCTaskThread "GC Thread#0" [stack: 0x000000cb2c100000,0x000000cb2c200000] [id=31020]
  0x0000020eee2d5800 ConcurrentGCThread "G1 Main Marker" [stack: 0x000000cb2c200000,0x000000cb2c300000] [id=74016]
  0x0000020eee2df800 ConcurrentGCThread "G1 Conc#0" [stack: 0x000000cb2c300000,0x000000cb2c400000] [id=3108]

[error occurred during error reporting (printing all threads), id 0xc0000005, EXCEPTION_ACCESS_VIOLATION (0xc0000005) at pc=0x00007ffb83443ef7]

VM state:not at safepoint (not fully initialized)

VM Mutex/Monitor currently owned by a thread:  ([mutex/lock_event])
[0x0000020eee23e270] Heap_lock - owner thread: 0x0000020eee240000

Heap address: 0x000000060e200000, size: 7966 MB, Compressed Oops mode: Non-zero based: 0x000000060e200000
Narrow klass base: 0x0000000000000000, Narrow klass shift: 0

GC Heap History (0 events):
No events

Deoptimization events (0 events):
No events

Classes redefined (0 events):
No events

Internal exceptions (0 events):
No events

Events (1 events):
Event: 0.013 Loaded shared library C:\Program Files\Unity\Hub\Editor\2022.3.62f3\Editor\Data\PlaybackEngines\AndroidPlayer\OpenJDK\bin\zip.dll


Dynamic libraries:
0x00007ff6b20d0000 - 0x00007ff6b20dd000 	C:\Program Files\Unity\Hub\Editor\2022.3.62f3\Editor\Data\PlaybackEngines\AndroidPlayer\OpenJDK\bin\java.exe
0x00007ffc95740000 - 0x00007ffc959a8000 	C:\Windows\SYSTEM32\ntdll.dll
0x00007ffc94760000 - 0x00007ffc94829000 	C:\Windows\System32\KERNEL32.DLL
0x00007ffc929f0000 - 0x00007ffc92de8000 	C:\Windows\System32\KERNELBASE.dll
0x00007ffc92df0000 - 0x00007ffc92f3b000 	C:\Windows\System32\ucrtbase.dll
0x00007ffc758d0000 - 0x00007ffc758e5000 	C:\Program Files\Unity\Hub\Editor\2022.3.62f3\Editor\Data\PlaybackEngines\AndroidPlayer\OpenJDK\bin\VCRUNTIME140.dll
0x00007ffc8e1c0000 - 0x00007ffc8e1d7000 	C:\Program Files\Unity\Hub\Editor\2022.3.62f3\Editor\Data\PlaybackEngines\AndroidPlayer\OpenJDK\bin\jli.dll
0x00007ffc94830000 - 0x00007ffc949f7000 	C:\Windows\System32\USER32.dll
0x00007ffc929c0000 - 0x00007ffc929e7000 	C:\Windows\System32\win32u.dll
0x00007ffc75c90000 - 0x00007ffc75f24000 	C:\Windows\WinSxS\amd64_microsoft.windows.common-controls_6595b64144ccf1df_6.0.26100.7019_none_3e06ffa0e335b8a8\COMCTL32.dll
0x00007ffc955b0000 - 0x00007ffc955db000 	C:\Windows\System32\GDI32.dll
0x00007ffc95500000 - 0x00007ffc955a9000 	C:\Windows\System32\msvcrt.dll
0x00007ffc92890000 - 0x00007ffc929bc000 	C:\Windows\System32\gdi32full.dll
0x00007ffc93140000 - 0x00007ffc931e3000 	C:\Windows\System32\msvcp_win.dll
0x00007ffc93940000 - 0x00007ffc93971000 	C:\Windows\System32\IMM32.DLL
0x00007ffc3e8d0000 - 0x00007ffc3e96b000 	C:\Program Files\Unity\Hub\Editor\2022.3.62f3\Editor\Data\PlaybackEngines\AndroidPlayer\OpenJDK\bin\msvcp140.dll
0x00007ffb83150000 - 0x00007ffb83cd1000 	C:\Program Files\Unity\Hub\Editor\2022.3.62f3\Editor\Data\PlaybackEngines\AndroidPlayer\OpenJDK\bin\server\jvm.dll
0x00007ffc95640000 - 0x00007ffc956f4000 	C:\Windows\System32\ADVAPI32.dll
0x00007ffc95160000 - 0x00007ffc95206000 	C:\Windows\System32\sechost.dll
0x00007ffc941f0000 - 0x00007ffc94308000 	C:\Windows\System32\RPCRT4.dll
0x00007ffc955e0000 - 0x00007ffc955e8000 	C:\Windows\System32\PSAPI.DLL
0x00007ffc8bc00000 - 0x00007ffc8bc0b000 	C:\Windows\SYSTEM32\VERSION.dll
0x00007ffc84610000 - 0x00007ffc84645000 	C:\Windows\SYSTEM32\WINMM.dll
0x00007ffc55ee0000 - 0x00007ffc55eea000 	C:\Windows\SYSTEM32\WSOCK32.dll
0x00007ffc936c0000 - 0x00007ffc93734000 	C:\Windows\System32\WS2_32.dll
0x00007ffc91630000 - 0x00007ffc9164b000 	C:\Windows\SYSTEM32\kernel.appcore.dll
0x00007ffc8a070000 - 0x00007ffc8a080000 	C:\Program Files\Unity\Hub\Editor\2022.3.62f3\Editor\Data\PlaybackEngines\AndroidPlayer\OpenJDK\bin\verify.dll
0x00007ffc8f760000 - 0x00007ffc8f9a2000 	C:\Windows\SYSTEM32\DBGHELP.DLL
0x00007ffc943d0000 - 0x00007ffc9475b000 	C:\Windows\System32\combase.dll
0x00007ffc93980000 - 0x00007ffc93a57000 	C:\Windows\System32\OLEAUT32.dll
0x00007ffc65530000 - 0x00007ffc6556c000 	C:\Windows\SYSTEM32\dbgcore.DLL
0x00007ffc93090000 - 0x00007ffc93135000 	C:\Windows\System32\bcryptPrimitives.dll
0x00007ffc55790000 - 0x00007ffc557b8000 	C:\Program Files\Unity\Hub\Editor\2022.3.62f3\Editor\Data\PlaybackEngines\AndroidPlayer\OpenJDK\bin\java.dll
0x00007ffc6d660000 - 0x00007ffc6d66a000 	C:\Program Files\Unity\Hub\Editor\2022.3.62f3\Editor\Data\PlaybackEngines\AndroidPlayer\OpenJDK\bin\jimage.dll
0x00007ffc573d0000 - 0x00007ffc573e8000 	C:\Program Files\Unity\Hub\Editor\2022.3.62f3\Editor\Data\PlaybackEngines\AndroidPlayer\OpenJDK\bin\zip.dll

dbghelp: loaded successfully - version: 4.0.5 - missing functions: none
symbol engine: initialized successfully - sym options: 0x614 - pdb path: .;C:\Program Files\Unity\Hub\Editor\2022.3.62f3\Editor\Data\PlaybackEngines\AndroidPlayer\OpenJDK\bin;C:\Windows\SYSTEM32;C:\Windows\WinSxS\amd64_microsoft.windows.common-controls_6595b64144ccf1df_6.0.26100.7019_none_3e06ffa0e335b8a8;C:\Program Files\Unity\Hub\Editor\2022.3.62f3\Editor\Data\PlaybackEngines\AndroidPlayer\OpenJDK\bin\server

VM Arguments:
jvm_args: -Dcom.android.sdklib.toolsdir=C:\Program Files\Unity\Hub\Editor\2022.3.62f3\Editor\Data\PlaybackEngines\AndroidPlayer\SDK\cmdline-tools\6.0\bin\\.. 
java_command: com.android.sdklib.tool.sdkmanager.SdkManagerCli --list
java_class_path (initial): C:\Program Files\Unity\Hub\Editor\2022.3.62f3\Editor\Data\PlaybackEngines\AndroidPlayer\SDK\cmdline-tools\6.0\bin\..\lib\sdkmanager-classpath.jar
Launcher Type: SUN_STANDARD

[Global flags]
     intx CICompilerCount                          = 12                                        {product} {ergonomic}
     uint ConcGCThreads                            = 3                                         {product} {ergonomic}
     uint G1ConcRefinementThreads                  = 13                                        {product} {ergonomic}
   size_t G1HeapRegionSize                         = 2097152                                   {product} {ergonomic}
    uintx GCDrainStackTargetSize                   = 64                                        {product} {ergonomic}
   size_t InitialHeapSize                          = 522190848                                 {product} {ergonomic}
   size_t MarkStackSize                            = 4194304                                   {product} {ergonomic}
   size_t MaxHeapSize                              = 8352956416                                {product} {ergonomic}
   size_t MinHeapDeltaBytes                        = 2097152                                   {product} {ergonomic}
    uintx NonNMethodCodeHeapSize                   = 7594288                                {pd product} {ergonomic}
    uintx NonProfiledCodeHeapSize                  = 122031976                              {pd product} {ergonomic}
    uintx ProfiledCodeHeapSize                     = 122031976                              {pd product} {ergonomic}
    uintx ReservedCodeCacheSize                    = 251658240                              {pd product} {ergonomic}
     bool SegmentedCodeCache                       = true                                      {product} {ergonomic}
     bool UseCompressedClassPointers               = true                                 {lp64_product} {ergonomic}
     bool UseCompressedOops                        = true                                 {lp64_product} {ergonomic}
     bool UseG1GC                                  = true                                      {product} {ergonomic}
     bool UseLargePagesIndividualAllocation        = false                                  {pd product} {ergonomic}

Logging:
Log output configuration:
 #0: stdout all=warning uptime,level,tags
 #1: stderr all=off uptime,level,tags

Environment Variables:
JAVA_HOME=C:\Program Files\Unity\Hub\Editor\2022.3.62f3\Editor\Data\PlaybackEngines\AndroidPlayer\OpenJDK
CLASSPATH=C:\Program Files\Unity\Hub\Editor\2022.3.62f3\Editor\Data\PlaybackEngines\AndroidPlayer\SDK\cmdline-tools\6.0\bin\..\lib\sdkmanager-classpath.jar
PATH=C:\Program Files\Oculus\Support\oculus-runtime;C:\Windows\system32;C:\Windows;C:\Windows\System32\Wbem;C:\Windows\System32\WindowsPowerShell\v1.0\;C:\Windows\System32\OpenSSH\;C:\Program Files\NVIDIA Corporation\NVIDIA App\NvDLISR;C:\Program Files (x86)\NVIDIA Corporation\PhysX\Common;C:\Program Files\cursor\resources\app\bin;C:\Program Files\Git\cmd;C:\Users\brand\AppData\Local\nvm;C:\nvm4w\nodejs;C:\Program Files\Docker\Docker\resources\bin;C:\Program Files (x86)\cloudflared\;C:\Users\brand\.local\bin;C:\Users\brand\AppData\Local\Microsoft\WindowsApps;C:\Users\brand\AppData\Local\GitHubDesktop\bin;C:\Users\brand\AppData\Local\nvm;C:\nvm4w\nodejs;C:\Users\brand\AppData\Local\Python\bin;C:\Users\brand\AppData\Local\Microsoft\WinGet\Packages\astral-sh.uv_Microsoft.Winget.Source_8wekyb3d8bbwe;C:\Users\brand\AppData\Local\Python\pythoncore-3.14-64\Scripts;
USERNAME=brand
OS=Windows_NT
PROCESSOR_IDENTIFIER=AMD64 Family 25 Model 97 Stepping 2, AuthenticAMD



---------------  S Y S T E M  ---------------

OS: Windows 11 , 64 bit Build 26100 (10.0.26100.7019)
OS uptime: 16 days 0:12 hours
Hyper-V role detected

CPU:total 16 (initial active 16) (16 cores per cpu, 2 threads per core) family 25 model 97 stepping 2 microcode 0xa60120c, cmov, cx8, fxsr, mmx, sse, sse2, sse3, ssse3, sse4.1, sse4.2, popcnt, avx, avx2, aes, clmul, erms, mmxext, 3dnowpref, lzcnt, sse4a, ht, tsc, tscinvbit, tscinv, bmi1, bmi2, adx, evex, sha, fma

Memory: 4k page, system-wide physical 31862M (3974M free)
TotalPageFile size 130166M (AvailPageFile size 361M)
current process WorkingSet (physical memory assigned to process): 12M, peak: 12M
current process commit charge ("private bytes"): 71M, peak: 569M

vm_info: OpenJDK 64-Bit Server VM (11.0.14.1+1) for windows-amd64 JRE (11.0.14.1+1), built on Feb  9 2022 01:48:27 by "" with unknown MS VC++:1916

END.
